<?xml version="1.0" encoding="UTF-8"?>
<testng-results ignored="0" total="2" passed="2" failed="0" skipped="0">
  <reporter-output>
  </reporter-output>
  <suite started-at="2022-04-12T22:57:59 EDT" name="Suite" finished-at="2022-04-12T22:58:33 EDT" duration-ms="33949">
    <groups>
    </groups>
    <test started-at="2022-04-12T22:57:59 EDT" name="Test" finished-at="2022-04-12T22:58:33 EDT" duration-ms="33949">
      <class name="unoSquare.UnoSquare.AutomationPractice">
        <test-method is-config="true" signature="launchUrl()[pri:0, instance:unoSquare.UnoSquare.AutomationPractice@74455848]" started-at="2022-04-12T22:57:59 EDT" name="launchUrl" finished-at="2022-04-12T22:58:08 EDT" duration-ms="8775" status="PASS">
          <reporter-output>
          </reporter-output>
        </test-method> <!-- launchUrl -->
        <test-method signature="verifyPageTitle()[pri:1, instance:unoSquare.UnoSquare.AutomationPractice@74455848]" started-at="2022-04-12T22:58:08 EDT" name="verifyPageTitle" finished-at="2022-04-12T22:58:10 EDT" duration-ms="2268" status="PASS">
          <reporter-output>
          </reporter-output>
        </test-method> <!-- verifyPageTitle -->
        <test-method signature="validateSubmitBtn()[pri:2, instance:unoSquare.UnoSquare.AutomationPractice@74455848]" started-at="2022-04-12T22:58:10 EDT" name="validateSubmitBtn" finished-at="2022-04-12T22:58:32 EDT" duration-ms="22244" status="PASS">
          <reporter-output>
          </reporter-output>
        </test-method> <!-- validateSubmitBtn -->
        <test-method is-config="true" signature="tearDown()[pri:0, instance:unoSquare.UnoSquare.AutomationPractice@74455848]" started-at="2022-04-12T22:58:32 EDT" name="tearDown" finished-at="2022-04-12T22:58:33 EDT" duration-ms="532" status="PASS">
          <reporter-output>
          </reporter-output>
        </test-method> <!-- tearDown -->
      </class> <!-- unoSquare.UnoSquare.AutomationPractice -->
    </test> <!-- Test -->
  </suite> <!-- Suite -->
</testng-results>
